# JRE version: OpenJDK Runtime Environment Temurin-21.0.8+9 (21.0.8+9) (build 21.0.8+9-LTS)
# Java VM: OpenJDK 64-Bit Server VM Temurin-21.0.8+9 (21.0.8+9-LTS, mixed mode, emulated-client, sharing, tiered, compressed oops, compressed class ptrs, g1 gc, windows-amd64)
GC Precious Log:
 CardTable entry size: 512
 Card Set container configuration: InlinePtr #cards 4 size 8 Array Of Cards #cards 64 size 144 Howl #buckets 8 coarsen threshold 14745 Howl Bitmap #cards 2048 size 272 coarsen threshold 1843 Card regions per heap region 1 cards per card region 16384
 CPUs: 20 total, 20 available
 Memory: 65224M
 Large Page Support: Disabled
 NUMA Support: Disabled
 Compressed Oops: Enabled (Zero based)
 Heap Region Size: 8M
 Heap Min Capacity: 8M
 Heap Initial Capacity: 1G
 Heap Max Capacity: 16312M
 Pre-touch: Disabled
 Parallel Workers: 15
 Concurrent Workers: 4
 Concurrent Refinement Workers: 15
 Periodic GC: Disabled
Heap:
 garbage-first heap   total 581632K, used 59527K [0x0000000404800000, 0x0000000800000000)
  region size 8192K, 6 young (49152K), 3 survivors (24576K)
 Metaspace       used 80010K, committed 80832K, reserved 1179648K
  class space    used 11628K, committed 11968K, reserved 1048576K
GC Heap History (20 events):
Event: 1.025 GC heap before
{Heap before GC invocations=7 (full 0):
 garbage-first heap   total 81920K, used 56456K [0x0000000404800000, 0x0000000800000000)
  region size 8192K, 6 young (49152K), 1 survivors (8192K)
 Metaspace       used 24529K, committed 24896K, reserved 1114112K
  class space    used 3259K, committed 3456K, reserved 1048576K
}
Event: 1.028 GC heap after
{Heap after GC invocations=8 (full 0):
 garbage-first heap   total 565248K, used 17522K [0x0000000404800000, 0x0000000800000000)
  region size 8192K, 1 young (8192K), 1 survivors (8192K)
 Metaspace       used 24529K, committed 24896K, reserved 1114112K
  class space    used 3259K, committed 3456K, reserved 1048576K
}
Event: 1.877 GC heap before
{Heap before GC invocations=8 (full 0):
 garbage-first heap   total 565248K, used 164978K [0x0000000404800000, 0x0000000800000000)
  region size 8192K, 21 young (172032K), 1 survivors (8192K)
 Metaspace       used 36498K, committed 37120K, reserved 1114112K
  class space    used 4998K, committed 5312K, reserved 1048576K
}
Event: 1.882 GC heap after
{Heap after GC invocations=9 (full 0):
 garbage-first heap   total 565248K, used 23585K [0x0000000404800000, 0x0000000800000000)
  region size 8192K, 2 young (16384K), 2 survivors (16384K)
 Metaspace       used 36498K, committed 37120K, reserved 1114112K
  class space    used 4998K, committed 5312K, reserved 1048576K
}
Event: 1.897 GC heap before
{Heap before GC invocations=9 (full 0):
 garbage-first heap   total 565248K, used 23585K [0x0000000404800000, 0x0000000800000000)
  region size 8192K, 3 young (24576K), 2 survivors (16384K)
 Metaspace       used 36829K, committed 37440K, reserved 1114112K
  class space    used 5051K, committed 5312K, reserved 1048576K
}
Event: 1.900 GC heap after
{Heap after GC invocations=10 (full 0):
 garbage-first heap   total 565248K, used 23696K [0x0000000404800000, 0x0000000800000000)
  region size 8192K, 2 young (16384K), 2 survivors (16384K)
 Metaspace       used 36829K, committed 37440K, reserved 1114112K
  class space    used 5051K, committed 5312K, reserved 1048576K
}
Event: 2.138 GC heap before
{Heap before GC invocations=11 (full 0):
 garbage-first heap   total 114688K, used 72848K [0x0000000404800000, 0x0000000800000000)
  region size 8192K, 8 young (65536K), 2 survivors (16384K)
 Metaspace       used 41671K, committed 42304K, reserved 1114112K
  class space    used 5807K, committed 6080K, reserved 1048576K
}
Event: 2.142 GC heap after
{Heap after GC invocations=12 (full 0):
 garbage-first heap   total 114688K, used 25039K [0x0000000404800000, 0x0000000800000000)
  region size 8192K, 1 young (8192K), 1 survivors (8192K)
 Metaspace       used 41671K, committed 42304K, reserved 1114112K
  class space    used 5807K, committed 6080K, reserved 1048576K
}
Event: 2.409 GC heap before
{Heap before GC invocations=12 (full 0):
 garbage-first heap   total 114688K, used 82383K [0x0000000404800000, 0x0000000800000000)
  region size 8192K, 8 young (65536K), 1 survivors (8192K)
 Metaspace       used 47150K, committed 47744K, reserved 1114112K
  class space    used 6517K, committed 6784K, reserved 1048576K
}
Event: 2.411 GC heap after
{Heap after GC invocations=13 (full 0):
 garbage-first heap   total 114688K, used 25885K [0x0000000404800000, 0x0000000800000000)
  region size 8192K, 1 young (8192K), 1 survivors (8192K)
 Metaspace       used 47150K, committed 47744K, reserved 1114112K
  class space    used 6517K, committed 6784K, reserved 1048576K
}
Event: 2.658 GC heap before
{Heap before GC invocations=13 (full 0):
 garbage-first heap   total 114688K, used 83229K [0x0000000404800000, 0x0000000800000000)
  region size 8192K, 8 young (65536K), 1 survivors (8192K)
 Metaspace       used 53476K, committed 54144K, reserved 1114112K
  class space    used 7412K, committed 7680K, reserved 1048576K
}
Event: 2.659 GC heap after
{Heap after GC invocations=14 (full 0):
 garbage-first heap   total 114688K, used 27338K [0x0000000404800000, 0x0000000800000000)
  region size 8192K, 1 young (8192K), 1 survivors (8192K)
 Metaspace       used 53476K, committed 54144K, reserved 1114112K
  class space    used 7412K, committed 7680K, reserved 1048576K
}
Event: 2.940 GC heap before
{Heap before GC invocations=14 (full 0):
 garbage-first heap   total 114688K, used 84682K [0x0000000404800000, 0x0000000800000000)
  region size 8192K, 8 young (65536K), 1 survivors (8192K)
 Metaspace       used 57798K, committed 58432K, reserved 1114112K
  class space    used 8168K, committed 8448K, reserved 1048576K
}
Event: 2.942 GC heap after
{Heap after GC invocations=15 (full 0):
 garbage-first heap   total 114688K, used 28065K [0x0000000404800000, 0x0000000800000000)
  region size 8192K, 1 young (8192K), 1 survivors (8192K)
 Metaspace       used 57798K, committed 58432K, reserved 1114112K
  class space    used 8168K, committed 8448K, reserved 1048576K
}
Event: 3.299 GC heap before
{Heap before GC invocations=15 (full 0):
 garbage-first heap   total 114688K, used 77217K [0x0000000404800000, 0x0000000800000000)
  region size 8192K, 8 young (65536K), 1 survivors (8192K)
 Metaspace       used 62004K, committed 62656K, reserved 1114112K
  class space    used 8759K, committed 9024K, reserved 1048576K
}
Event: 3.303 GC heap after
{Heap after GC invocations=16 (full 0):
 garbage-first heap   total 114688K, used 30618K [0x0000000404800000, 0x0000000800000000)
  region size 8192K, 1 young (8192K), 1 survivors (8192K)
 Metaspace       used 62004K, committed 62656K, reserved 1114112K
  class space    used 8759K, committed 9024K, reserved 1048576K
}
Event: 3.556 GC heap before
{Heap before GC invocations=17 (full 0):
 garbage-first heap   total 114688K, used 87962K [0x0000000404800000, 0x0000000800000000)
  region size 8192K, 8 young (65536K), 1 survivors (8192K)
 Metaspace       used 65187K, committed 65920K, reserved 1114112K
  class space    used 9491K, committed 9792K, reserved 1048576K
}
Event: 3.560 GC heap after
{Heap after GC invocations=18 (full 0):
 garbage-first heap   total 581632K, used 34368K [0x0000000404800000, 0x0000000800000000)
  region size 8192K, 1 young (8192K), 1 survivors (8192K)
 Metaspace       used 65187K, committed 65920K, reserved 1114112K
  class space    used 9491K, committed 9792K, reserved 1048576K
}
Event: 324.318 GC heap before
{Heap before GC invocations=18 (full 0):
 garbage-first heap   total 581632K, used 370240K [0x0000000404800000, 0x0000000800000000)
  region size 8192K, 42 young (344064K), 1 survivors (8192K)
 Metaspace       used 79828K, committed 80576K, reserved 1179648K
  class space    used 11589K, committed 11904K, reserved 1048576K
}
Event: 324.342 GC heap after
{Heap after GC invocations=19 (full 0):
 garbage-first heap   total 581632K, used 43143K [0x0000000404800000, 0x0000000800000000)
  region size 8192K, 3 young (24576K), 3 survivors (24576K)
 Metaspace       used 79828K, committed 80576K, reserved 1179648K
  class space    used 11589K, committed 11904K, reserved 1048576K
}

